H.sapiens_PON1_serum_paraoxonasearylesterase_1_precursor	100.000	355	0	0	0.0	729	H.sapiens_PON1_serum_paraoxonasearylesterase_1_precursor
F.catus_PON1_serum_paraoxonasearylesterase_1_isoform_X2	89.577	355	37	0	0.0	639	F.catus_PON1_serum_paraoxonasearylesterase_1_isoform_X2
E.caballus_PON1_serum_paraoxonasearylesterase_1	84.789	355	54	0	0.0	630	E.caballus_PON1_serum_paraoxonasearylesterase_1
C.mydas_LOC102930790_serum_paraoxonasearylesterase_2	69.184	331	101	1	3.96e-174	490	C.mydas_LOC102930790_serum_paraoxonasearylesterase_2
G.gallus_PON1_serum_paraoxonasearylesterase_2_isoform_X1	69.277	332	101	1	1.85e-173	488	G.gallus_PON1_serum_paraoxonasearylesterase_2_isoform_X1
H.sapiens_PON2_serum_paraoxonasearylesterase_2_isoform_2	65.915	355	120	1	1.80e-172	486	H.sapiens_PON2_serum_paraoxonasearylesterase_2_isoform_2
F.catus_PON2_serum_paraoxonasearylesterase_2	67.267	333	108	1	1.91e-170	481	F.catus_PON2_serum_paraoxonasearylesterase_2
E.caballus_PON2_serum_paraoxonasearylesterase_2	66.265	332	111	1	2.08e-167	473	E.caballus_PON2_serum_paraoxonasearylesterase_2
S.townsendi_LOC125441118_serum_paraoxonasearylesterase_2like	62.254	355	133	1	1.88e-165	468	S.townsendi_LOC125441118_serum_paraoxonasearylesterase_2like
F.catus_PON3_serum_paraoxonaselactonase_3	60.340	353	139	1	3.81e-162	460	F.catus_PON3_serum_paraoxonaselactonase_3
H.sapiens_PON3_serum_paraoxonaselactonase_3	60.845	355	138	1	5.01e-155	442	H.sapiens_PON3_serum_paraoxonaselactonase_3
E.caballus_PON3_serum_paraoxonaselactonase_3	61.631	331	126	1	3.72e-153	437	E.caballus_PON3_serum_paraoxonaselactonase_3
X.laevis_LOC108718843_serum_paraoxonasearylesterase_2like	58.708	356	145	2	2.40e-152	435	X.laevis_LOC108718843_serum_paraoxonasearylesterase_2like
X.laevis_pon2.L_serum_paraoxonasearylesterase_2	58.263	357	146	3	5.15e-150	429	X.laevis_pon2.L_serum_paraoxonasearylesterase_2
X.laevis_pon2.S_Serum_paraoxonasearylesterase_2like_precursor	57.865	356	148	2	7.72e-149	426	X.laevis_pon2.S_Serum_paraoxonasearylesterase_2like_precursor
D.rerio_pon3.2_serum_paraoxonaselactonase_32	51.821	357	168	4	2.88e-128	374	D.rerio_pon3.2_serum_paraoxonaselactonase_32
S.salar_pon2_serum_paraoxonasearylesterase_2_precursor	53.056	360	160	5	5.40e-128	374	S.salar_pon2_serum_paraoxonasearylesterase_2_precursor
D.rerio_pon3.1_serum_paraoxonaselactonase_31	51.541	357	169	4	1.84e-126	369	D.rerio_pon3.1_serum_paraoxonaselactonase_31
S.salar_LOC123727864_serum_paraoxonasearylesterase_2like_isoform_	52.909	361	160	6	2.40e-126	369	S.salar_LOC123727864_serum_paraoxonasearylesterase_2like_isoform_
D.rerio_pon2_serum_paraoxonasearylesterase_2	52.809	356	157	5	8.08e-125	365	D.rerio_pon2_serum_paraoxonasearylesterase_2
G.aculeatus_LOC120810607_serum_paraoxonasearylesterase_2like	54.328	335	148	4	3.51e-122	358	G.aculeatus_LOC120810607_serum_paraoxonasearylesterase_2like
D.rerio_pon1_serum_paraoxonasearylesterase_1	48.876	356	178	4	1.20e-119	352	D.rerio_pon1_serum_paraoxonasearylesterase_1
S.salar_LOC106598067_serum_paraoxonasearylesterase_2	54.573	328	145	4	9.12e-117	345	S.salar_LOC106598067_serum_paraoxonasearylesterase_2
S.salar_LOC106605980_serum_paraoxonasearylesterase_2	53.963	328	147	4	8.79e-116	342	S.salar_LOC106605980_serum_paraoxonasearylesterase_2
G.aculeatus_LOC120810756_serum_paraoxonasearylesterase_2like	52.599	327	150	5	1.14e-113	337	G.aculeatus_LOC120810756_serum_paraoxonasearylesterase_2like
C.carcharias_LOC121276303_serum_paraoxonasearylesterase_2like	52.361	233	110	1	1.76e-80	248	C.carcharias_LOC121276303_serum_paraoxonasearylesterase_2like
C.carcharias_LOC121276405_serum_paraoxonasearylesterase_1like	63.551	107	39	0	3.68e-41	142	C.carcharias_LOC121276405_serum_paraoxonasearylesterase_1like
F.catus_HYAL2_hyaluronidase1_isoform_X2	27.451	102	55	4	0.33	36.6	F.catus_HYAL2_hyaluronidase1_isoform_X2
S.salar_LOC100195226_adipocyte_plasma_membraneassociated_protein	29.592	98	53	4	0.52	35.4	S.salar_LOC100195226_adipocyte_plasma_membraneassociated_protein
S.townsendi_LOC125446029_adipocyte_plasma_membraneassociated_prot	40.541	37	22	0	0.55	35.4	S.townsendi_LOC125446029_adipocyte_plasma_membraneassociated_prot
S.salar_LOC106579889_apical_junction_component_1_homolog	34.091	44	26	1	0.78	35.4	S.salar_LOC106579889_apical_junction_component_1_homolog
X.laevis_apmap.L_adipocyte_plasma_membraneassociated_protein	40.541	37	22	0	0.78	35.0	X.laevis_apmap.L_adipocyte_plasma_membraneassociated_protein
C.carcharias_LOC121270856_adipocyte_plasma_membraneassociated_pro	26.531	98	56	4	0.99	34.7	C.carcharias_LOC121270856_adipocyte_plasma_membraneassociated_pro
S.salar_LOC106576723_adipocyte_plasma_membraneassociated_protein	28.571	98	54	4	1.8	33.9	S.salar_LOC106576723_adipocyte_plasma_membraneassociated_protein
C.mydas_LOC102939200_adipocyte_plasma_membraneassociated_protein_	23.977	171	96	7	1.9	33.9	C.mydas_LOC102939200_adipocyte_plasma_membraneassociated_protein_
G.aculeatus_tectb_betatectorin	23.077	91	70	0	4.2	32.7	G.aculeatus_tectb_betatectorin
G.gallus_RGNL_regucalcinlike_isoform_X1	24.762	105	67	5	4.3	32.7	G.gallus_RGNL_regucalcinlike_isoform_X1
G.aculeatus_LOC120820876_adipocyte_plasma_membraneassociated_prot	27.551	98	55	4	4.5	32.7	G.aculeatus_LOC120820876_adipocyte_plasma_membraneassociated_prot
D.rerio_snx29_sorting_nexin29_isoform_X1	29.167	120	59	2	4.6	32.7	D.rerio_snx29_sorting_nexin29_isoform_X1
G.gallus_APMAP_adipocyte_plasma_membraneassociated_protein	24.818	137	84	6	4.8	32.3	G.gallus_APMAP_adipocyte_plasma_membraneassociated_protein
H.sapiens_APMAP_adipocyte_plasma_membraneassociated_protein	30.108	93	59	4	6.1	32.3	H.sapiens_APMAP_adipocyte_plasma_membraneassociated_protein
D.rerio_snx29_sorting_nexin29_isoform_X1	29.167	120	59	2	7.0	32.3	D.rerio_snx29_sorting_nexin29_isoform_X1
H.sapiens_NOS3_nitric_oxide_synthase_endothelial_isoform_1	42.857	28	16	0	7.7	32.0	H.sapiens_NOS3_nitric_oxide_synthase_endothelial_isoform_1
X.laevis_cspg4.S_chondroitin_sulfate_proteoglycan_4	40.541	37	20	1	8.9	32.0	X.laevis_cspg4.S_chondroitin_sulfate_proteoglycan_4
